<?xml version="1.0" encoding="UTF-8"?>
<!-- Generated by org.testng.reporters.JUnitReportReporter -->
<testsuite skipped="0" hostname="DESKTOP-2518TT9" name="Academy.HomePageChecks" tests="1" failures="0" timestamp="2020-05-22T10:55:02 BST" time="3.199" errors="0">
  <testcase name="validateHomePage" time="3.199" classname="Academy.HomePageChecks"/>
  <system-out/>
</testsuite> <!-- Academy.HomePageChecks -->
