<?xml version="1.0" encoding="UTF-8"?>
<!-- Generated by org.testng.reporters.JUnitReportReporter -->
<testsuite skipped="0" hostname="DESKTOP-2518TT9" name="Academy.ValidateNavBar" tests="1" failures="0" timestamp="2020-05-22T10:55:02 BST" time="0.042" errors="0">
  <testcase name="validateNavBar" time="0.042" classname="Academy.ValidateNavBar"/>
  <system-out/>
</testsuite> <!-- Academy.ValidateNavBar -->
