<?xml version="1.0" encoding="UTF-8"?>
<!-- Generated by org.testng.reporters.JUnitReportReporter -->
<testsuite skipped="0" hostname="DESKTOP-2518TT9" name="Academy.HomePageChecks" tests="1" failures="0" timestamp="2020-05-26T13:52:58 BST" time="2.740" errors="0">
  <testcase name="validateHomePage" time="2.740" classname="Academy.HomePageChecks"/>
  <system-out/>
</testsuite> <!-- Academy.HomePageChecks -->
